Using pre-set license
Built from '2020.2/release' branch; Version is '2020.2.2f1 (068178b99f32) revision 426360'; Using compiler version '192528614'; Build Type 'Release'
OS: 'Windows 10 Pro; OS build 19042.867; Version 2009; 64bit' Language: 'fr' Physical Memory: 16145 MB
BatchMode: 1, IsHumanControllingUs: 0, StartBugReporterOnCrash: 0, Is64bit: 1, IsPro: 0

 COMMAND LINE ARGUMENTS:
C:\Program Files\Unity\Hub\Editor\2020.2.2f1\Editor\Unity.exe
-adb2
-batchMode
-noUpm
-name
AssetImportWorker0
-projectPath
C:/Users/Quentin Rabot/Documents/Projet Platforme/Projet Platformer
-logFile
Logs/AssetImportWorker0.log
-srvPort
63304
Successfully changed project path to: C:/Users/Quentin Rabot/Documents/Projet Platforme/Projet Platformer
C:/Users/Quentin Rabot/Documents/Projet Platforme/Projet Platformer
Using Asset Import Pipeline V2.
Refreshing native plugins compatible for Editor in 76.14 ms, found 1 plugins.
Preloading 0 native plugins for Editor in 0.00 ms.
Initialize engine version: 2020.2.2f1 (068178b99f32)
[Subsystems] Discovering subsystems at path C:/Program Files/Unity/Hub/Editor/2020.2.2f1/Editor/Data/Resources/UnitySubsystems
[Subsystems] Discovering subsystems at path C:/Users/Quentin Rabot/Documents/Projet Platforme/Projet Platformer/Assets
GfxDevice: creating device client; threaded=0
Direct3D:
    Version:  Direct3D 11.0 [level 11.1]
    Renderer: NVIDIA GeForce RTX 2070 (ID=0x1f14)
    Vendor:   
    VRAM:     8031 MB
    Driver:   27.21.14.5771
Initialize mono
Mono path[0] = 'C:/Program Files/Unity/Hub/Editor/2020.2.2f1/Editor/Data/Managed'
Mono path[1] = 'C:/Program Files/Unity/Hub/Editor/2020.2.2f1/Editor/Data/MonoBleedingEdge/lib/mono/unityjit'
Mono config path = 'C:/Program Files/Unity/Hub/Editor/2020.2.2f1/Editor/Data/MonoBleedingEdge/etc'
Using monoOptions --debugger-agent=transport=dt_socket,embedding=1,server=y,suspend=n,address=127.0.0.1:56588
Begin MonoManager ReloadAssembly
Registering precompiled unity dll's ...
Register platform support module: C:/Program Files/Unity/Hub/Editor/2020.2.2f1/Editor/Data/PlaybackEngines/WindowsStandaloneSupport/UnityEditor.WindowsStandalone.Extensions.dll
Registered in 0.002487 seconds.
Native extension for WindowsStandalone target not found
Refreshing native plugins compatible for Editor in 70.12 ms, found 1 plugins.
Preloading 0 native plugins for Editor in 0.00 ms.
Invoked RoslynAnalysisRunner static constructor.
RoslynAnalysisRunner will not be running.
RoslynAnalysisRunner has terminated.
Mono: successfully reloaded assembly
- Completed reload, in  1.440 seconds
Platform modules already initialized, skipping
Registering precompiled user dll's ...
Registered in 0.001984 seconds.
Begin MonoManager ReloadAssembly
Native extension for WindowsStandalone target not found
Refreshing native plugins compatible for Editor in 63.42 ms, found 1 plugins.
Preloading 0 native plugins for Editor in 0.00 ms.
Invoked RoslynAnalysisRunner static constructor.
RoslynAnalysisRunner will not be running.
RoslynAnalysisRunner has terminated.
Mono: successfully reloaded assembly
- Completed reload, in  1.526 seconds
Platform modules already initialized, skipping
========================================================================
Worker process is ready to serve import requests
Launched and connected shader compiler UnityShaderCompiler.exe after 0.05 seconds
Refreshing native plugins compatible for Editor in 0.52 ms, found 1 plugins.
Preloading 0 native plugins for Editor in 0.00 ms.
Unloading 2405 Unused Serialized files (Serialized files now loaded: 0)
System memory in use before: 111.2 MB.
System memory in use after: 111.3 MB.

Unloading 167 unused Assets to reduce memory usage. Loaded Objects now: 2745.
Total: 3.714100 ms (FindLiveObjects: 0.484700 ms CreateObjectMapping: 0.293900 ms MarkObjects: 2.309100 ms  DeleteObjects: 0.625200 ms)

========================================================================
Received Import Request.
  path: Assets/Tiles/jonction sol.asset
  artifactKey: Guid(e7e6b07d507a33e4493b02c410cfdab6) Importer(815301076,1909f56bfc062723c751e8b465ee728b)
Start importing Assets/Tiles/jonction sol.asset using Guid(e7e6b07d507a33e4493b02c410cfdab6) Importer(815301076,1909f56bfc062723c751e8b465ee728b)  -> (artifact id: '8c16623b9d23ce0501d835334235a233') in 0.102733 seconds
  Import took 0.109897 seconds .

========================================================================
Received Import Request.
  Time since last request: 0.000599 seconds.
  path: Assets/Tiles/platform .prefab
  artifactKey: Guid(2622c3418b608014680e3f8bd3853686) Importer(815301076,1909f56bfc062723c751e8b465ee728b)
Start importing Assets/Tiles/platform .prefab using Guid(2622c3418b608014680e3f8bd3853686) Importer(815301076,1909f56bfc062723c751e8b465ee728b)  -> (artifact id: '47c895f8b2d64145a198b5f07f7d2a12') in 0.011969 seconds
  Import took 0.016916 seconds .

========================================================================
Received Import Request.
  Time since last request: 4.972881 seconds.
  path: Assets/Tiles/partie 3/usine 2nd plan.png
  artifactKey: Guid(f056bff0244ef1c40ae082c030d86477) Importer(815301076,1909f56bfc062723c751e8b465ee728b)
Start importing Assets/Tiles/partie 3/usine 2nd plan.png using Guid(f056bff0244ef1c40ae082c030d86477) Importer(815301076,1909f56bfc062723c751e8b465ee728b)  -> (artifact id: 'a7ffb44c6e8cb4bd9fb44df0db92a68b') in 0.079181 seconds
  Import took 0.083855 seconds .

========================================================================
Received Import Request.
  Time since last request: 31.486285 seconds.
  path: Assets/Tiles/partie 3/fumer au dessus de l'usine.png
  artifactKey: Guid(da3e4d53510c69840b108ce640e2208a) Importer(815301076,1909f56bfc062723c751e8b465ee728b)
Start importing Assets/Tiles/partie 3/fumer au dessus de l'usine.png using Guid(da3e4d53510c69840b108ce640e2208a) Importer(815301076,1909f56bfc062723c751e8b465ee728b)  -> (artifact id: 'a43954786f81356fff0d483f60cf51f3') in 0.014756 seconds
  Import took 0.021586 seconds .

========================================================================
Received Import Request.
  Time since last request: 0.011066 seconds.
  path: Assets/Tiles/partie 3/fumer au dessus de l'usine.png
  artifactKey: Guid(da3e4d53510c69840b108ce640e2208a) Importer(815301076,1909f56bfc062723c751e8b465ee728b)
Start importing Assets/Tiles/partie 3/fumer au dessus de l'usine.png using Guid(da3e4d53510c69840b108ce640e2208a) Importer(815301076,1909f56bfc062723c751e8b465ee728b)  -> (artifact id: 'a43954786f81356fff0d483f60cf51f3') in 0.012977 seconds
  Import took 0.016833 seconds .

========================================================================
Received Import Request.
  Time since last request: 4.150255 seconds.
  path: Assets/Tiles/partie 3/mur boss.png
  artifactKey: Guid(7bcf8796c0bde804e900d9a9ea84a259) Importer(815301076,1909f56bfc062723c751e8b465ee728b)
Start importing Assets/Tiles/partie 3/mur boss.png using Guid(7bcf8796c0bde804e900d9a9ea84a259) Importer(815301076,1909f56bfc062723c751e8b465ee728b)  -> (artifact id: '48ca113342ff450396f3a6025e160c88') in 0.019894 seconds
  Import took 0.025652 seconds .

========================================================================
Received Import Request.
  Time since last request: 0.000282 seconds.
  path: Assets/Tiles/partie 3/usine 2nd plan 1.png
  artifactKey: Guid(fd67533fcbdd6ae48b1328dc0468dcdf) Importer(815301076,1909f56bfc062723c751e8b465ee728b)
Start importing Assets/Tiles/partie 3/usine 2nd plan 1.png using Guid(fd67533fcbdd6ae48b1328dc0468dcdf) Importer(815301076,1909f56bfc062723c751e8b465ee728b)  -> (artifact id: '763d82b7bb39449eb317d293e7b5019c') in 0.012846 seconds
  Import took 0.017232 seconds .

========================================================================
Received Prepare
Registering precompiled user dll's ...
Registered in 0.002110 seconds.
Begin MonoManager ReloadAssembly
Native extension for WindowsStandalone target not found
Refreshing native plugins compatible for Editor in 0.57 ms, found 1 plugins.
Preloading 0 native plugins for Editor in 0.00 ms.
Invoked RoslynAnalysisRunner static constructor.
RoslynAnalysisRunner will not be running.
RoslynAnalysisRunner has terminated.
Mono: successfully reloaded assembly
- Completed reload, in  1.427 seconds
Platform modules already initialized, skipping
Refreshing native plugins compatible for Editor in 0.59 ms, found 1 plugins.
Preloading 0 native plugins for Editor in 0.00 ms.
Unloading 2358 Unused Serialized files (Serialized files now loaded: 0)
System memory in use before: 113.1 MB.
System memory in use after: 113.2 MB.

Unloading 154 unused Assets to reduce memory usage. Loaded Objects now: 2756.
Total: 3.612000 ms (FindLiveObjects: 0.692100 ms CreateObjectMapping: 0.202700 ms MarkObjects: 2.110300 ms  DeleteObjects: 0.605000 ms)

========================================================================
Received Prepare
Registering precompiled user dll's ...
Registered in 0.001892 seconds.
Begin MonoManager ReloadAssembly
Native extension for WindowsStandalone target not found
Refreshing native plugins compatible for Editor in 0.47 ms, found 1 plugins.
Preloading 0 native plugins for Editor in 0.00 ms.
Invoked RoslynAnalysisRunner static constructor.
RoslynAnalysisRunner will not be running.
RoslynAnalysisRunner has terminated.
Mono: successfully reloaded assembly
- Completed reload, in  1.364 seconds
Platform modules already initialized, skipping
Refreshing native plugins compatible for Editor in 0.57 ms, found 1 plugins.
Preloading 0 native plugins for Editor in 0.00 ms.
Unloading 2358 Unused Serialized files (Serialized files now loaded: 0)
System memory in use before: 113.3 MB.
System memory in use after: 113.4 MB.

Unloading 154 unused Assets to reduce memory usage. Loaded Objects now: 2759.
Total: 3.128700 ms (FindLiveObjects: 0.289500 ms CreateObjectMapping: 0.164900 ms MarkObjects: 2.136700 ms  DeleteObjects: 0.536100 ms)

AssetImportWorkerClient::OnTransportError - code=2 error=End of file
